ERROR - 2026-05-24 07:13:45 --> Error connecting to the database: mysqli_sql_exception: Access denied for user ''@'localhost' (using password: NO) in E:\xampp\htdocs\apkpkk\system\Database\MySQLi\Connection.php:201
Stack trace:
#0 E:\xampp\htdocs\apkpkk\system\Database\MySQLi\Connection.php(201): mysqli->real_connect('localhost', '', Object(SensitiveParameterValue), '', 3306, '', 0)
#1 E:\xampp\htdocs\apkpkk\system\Database\BaseConnection.php(555): CodeIgniter\Database\MySQLi\Connection->connect(false)
#2 E:\xampp\htdocs\apkpkk\system\Database\BaseConnection.php(795): CodeIgniter\Database\BaseConnection->initialize()
#3 E:\xampp\htdocs\apkpkk\system\Database\BaseConnection.php(1706): CodeIgniter\Database\BaseConnection->query('SHOW TABLES FRO...')
#4 E:\xampp\htdocs\apkpkk\system\Database\BaseConnection.php(1726): CodeIgniter\Database\BaseConnection->listTables()
#5 E:\xampp\htdocs\apkpkk\system\Database\MigrationRunner.php(821): CodeIgniter\Database\BaseConnection->tableExists('migrations')
#6 E:\xampp\htdocs\apkpkk\system\Database\MigrationRunner.php(173): CodeIgniter\Database\MigrationRunner->ensureTable()
#7 E:\xampp\htdocs\apkpkk\system\Commands\Database\Migrate.php(89): CodeIgniter\Database\MigrationRunner->latest(NULL)
#8 E:\xampp\htdocs\apkpkk\system\CLI\SignalTrait.php(245): CodeIgniter\Commands\Database\Migrate::CodeIgniter\Commands\Database\{closure}()
#9 E:\xampp\htdocs\apkpkk\system\Commands\Database\Migrate.php(88): CodeIgniter\Commands\Database\Migrate->withSignalsBlocked(Object(Closure))
#10 E:\xampp\htdocs\apkpkk\system\CLI\Commands.php(72): CodeIgniter\Commands\Database\Migrate->run(Array)
#11 E:\xampp\htdocs\apkpkk\system\CLI\Console.php(47): CodeIgniter\CLI\Commands->run('migrate', Array)
#12 E:\xampp\htdocs\apkpkk\system\Boot.php(442): CodeIgniter\CLI\Console->run()
#13 E:\xampp\htdocs\apkpkk\system\Boot.php(166): CodeIgniter\Boot::runCommand(Object(CodeIgniter\CLI\Console))
#14 E:\xampp\htdocs\apkpkk\spark(87): CodeIgniter\Boot::bootSpark(Object(Config\Paths))
#15 {main}

Next CodeIgniter\Database\Exceptions\DatabaseException: Access denied for user ''@'localhost' (using password: NO) in E:\xampp\htdocs\apkpkk\system\Database\MySQLi\Connection.php:231
Stack trace:
#0 E:\xampp\htdocs\apkpkk\system\Database\BaseConnection.php(555): CodeIgniter\Database\MySQLi\Connection->connect(false)
#1 E:\xampp\htdocs\apkpkk\system\Database\BaseConnection.php(795): CodeIgniter\Database\BaseConnection->initialize()
#2 E:\xampp\htdocs\apkpkk\system\Database\BaseConnection.php(1706): CodeIgniter\Database\BaseConnection->query('SHOW TABLES FRO...')
#3 E:\xampp\htdocs\apkpkk\system\Database\BaseConnection.php(1726): CodeIgniter\Database\BaseConnection->listTables()
#4 E:\xampp\htdocs\apkpkk\system\Database\MigrationRunner.php(821): CodeIgniter\Database\BaseConnection->tableExists('migrations')
#5 E:\xampp\htdocs\apkpkk\system\Database\MigrationRunner.php(173): CodeIgniter\Database\MigrationRunner->ensureTable()
#6 E:\xampp\htdocs\apkpkk\system\Commands\Database\Migrate.php(89): CodeIgniter\Database\MigrationRunner->latest(NULL)
#7 E:\xampp\htdocs\apkpkk\system\CLI\SignalTrait.php(245): CodeIgniter\Commands\Database\Migrate::CodeIgniter\Commands\Database\{closure}()
#8 E:\xampp\htdocs\apkpkk\system\Commands\Database\Migrate.php(88): CodeIgniter\Commands\Database\Migrate->withSignalsBlocked(Object(Closure))
#9 E:\xampp\htdocs\apkpkk\system\CLI\Commands.php(72): CodeIgniter\Commands\Database\Migrate->run(Array)
#10 E:\xampp\htdocs\apkpkk\system\CLI\Console.php(47): CodeIgniter\CLI\Commands->run('migrate', Array)
#11 E:\xampp\htdocs\apkpkk\system\Boot.php(442): CodeIgniter\CLI\Console->run()
#12 E:\xampp\htdocs\apkpkk\system\Boot.php(166): CodeIgniter\Boot::runCommand(Object(CodeIgniter\CLI\Console))
#13 E:\xampp\htdocs\apkpkk\spark(87): CodeIgniter\Boot::bootSpark(Object(Config\Paths))
#14 {main}
ERROR - 2026-05-24 07:14:35 --> Error connecting to the database: mysqli_sql_exception: Access denied for user ''@'localhost' (using password: NO) in E:\xampp\htdocs\apkpkk\system\Database\MySQLi\Connection.php:201
Stack trace:
#0 E:\xampp\htdocs\apkpkk\system\Database\MySQLi\Connection.php(201): mysqli->real_connect('localhost', '', Object(SensitiveParameterValue), 'apkpkk', 3306, '', 0)
#1 E:\xampp\htdocs\apkpkk\system\Database\BaseConnection.php(555): CodeIgniter\Database\MySQLi\Connection->connect(false)
#2 E:\xampp\htdocs\apkpkk\system\Database\BaseConnection.php(795): CodeIgniter\Database\BaseConnection->initialize()
#3 E:\xampp\htdocs\apkpkk\system\Database\BaseConnection.php(1706): CodeIgniter\Database\BaseConnection->query('SHOW TABLES FRO...')
#4 E:\xampp\htdocs\apkpkk\system\Database\BaseConnection.php(1726): CodeIgniter\Database\BaseConnection->listTables()
#5 E:\xampp\htdocs\apkpkk\system\Database\MigrationRunner.php(821): CodeIgniter\Database\BaseConnection->tableExists('migrations')
#6 E:\xampp\htdocs\apkpkk\system\Database\MigrationRunner.php(173): CodeIgniter\Database\MigrationRunner->ensureTable()
#7 E:\xampp\htdocs\apkpkk\system\Commands\Database\Migrate.php(89): CodeIgniter\Database\MigrationRunner->latest(NULL)
#8 E:\xampp\htdocs\apkpkk\system\CLI\SignalTrait.php(245): CodeIgniter\Commands\Database\Migrate::CodeIgniter\Commands\Database\{closure}()
#9 E:\xampp\htdocs\apkpkk\system\Commands\Database\Migrate.php(88): CodeIgniter\Commands\Database\Migrate->withSignalsBlocked(Object(Closure))
#10 E:\xampp\htdocs\apkpkk\system\CLI\Commands.php(72): CodeIgniter\Commands\Database\Migrate->run(Array)
#11 E:\xampp\htdocs\apkpkk\system\CLI\Console.php(47): CodeIgniter\CLI\Commands->run('migrate', Array)
#12 E:\xampp\htdocs\apkpkk\system\Boot.php(442): CodeIgniter\CLI\Console->run()
#13 E:\xampp\htdocs\apkpkk\system\Boot.php(166): CodeIgniter\Boot::runCommand(Object(CodeIgniter\CLI\Console))
#14 E:\xampp\htdocs\apkpkk\spark(87): CodeIgniter\Boot::bootSpark(Object(Config\Paths))
#15 {main}

Next CodeIgniter\Database\Exceptions\DatabaseException: Access denied for user ''@'localhost' (using password: NO) in E:\xampp\htdocs\apkpkk\system\Database\MySQLi\Connection.php:231
Stack trace:
#0 E:\xampp\htdocs\apkpkk\system\Database\BaseConnection.php(555): CodeIgniter\Database\MySQLi\Connection->connect(false)
#1 E:\xampp\htdocs\apkpkk\system\Database\BaseConnection.php(795): CodeIgniter\Database\BaseConnection->initialize()
#2 E:\xampp\htdocs\apkpkk\system\Database\BaseConnection.php(1706): CodeIgniter\Database\BaseConnection->query('SHOW TABLES FRO...')
#3 E:\xampp\htdocs\apkpkk\system\Database\BaseConnection.php(1726): CodeIgniter\Database\BaseConnection->listTables()
#4 E:\xampp\htdocs\apkpkk\system\Database\MigrationRunner.php(821): CodeIgniter\Database\BaseConnection->tableExists('migrations')
#5 E:\xampp\htdocs\apkpkk\system\Database\MigrationRunner.php(173): CodeIgniter\Database\MigrationRunner->ensureTable()
#6 E:\xampp\htdocs\apkpkk\system\Commands\Database\Migrate.php(89): CodeIgniter\Database\MigrationRunner->latest(NULL)
#7 E:\xampp\htdocs\apkpkk\system\CLI\SignalTrait.php(245): CodeIgniter\Commands\Database\Migrate::CodeIgniter\Commands\Database\{closure}()
#8 E:\xampp\htdocs\apkpkk\system\Commands\Database\Migrate.php(88): CodeIgniter\Commands\Database\Migrate->withSignalsBlocked(Object(Closure))
#9 E:\xampp\htdocs\apkpkk\system\CLI\Commands.php(72): CodeIgniter\Commands\Database\Migrate->run(Array)
#10 E:\xampp\htdocs\apkpkk\system\CLI\Console.php(47): CodeIgniter\CLI\Commands->run('migrate', Array)
#11 E:\xampp\htdocs\apkpkk\system\Boot.php(442): CodeIgniter\CLI\Console->run()
#12 E:\xampp\htdocs\apkpkk\system\Boot.php(166): CodeIgniter\Boot::runCommand(Object(CodeIgniter\CLI\Console))
#13 E:\xampp\htdocs\apkpkk\spark(87): CodeIgniter\Boot::bootSpark(Object(Config\Paths))
#14 {main}
ERROR - 2026-05-24 07:16:30 --> Error connecting to the database: mysqli_sql_exception: Access denied for user ''@'localhost' (using password: NO) in E:\xampp\htdocs\apkpkk\system\Database\MySQLi\Connection.php:201
Stack trace:
#0 E:\xampp\htdocs\apkpkk\system\Database\MySQLi\Connection.php(201): mysqli->real_connect('localhost', '', Object(SensitiveParameterValue), 'apkpkk', 3306, '', 0)
#1 E:\xampp\htdocs\apkpkk\system\Database\BaseConnection.php(555): CodeIgniter\Database\MySQLi\Connection->connect(false)
#2 E:\xampp\htdocs\apkpkk\system\Database\BaseConnection.php(795): CodeIgniter\Database\BaseConnection->initialize()
#3 E:\xampp\htdocs\apkpkk\system\Database\BaseConnection.php(1706): CodeIgniter\Database\BaseConnection->query('SHOW TABLES FRO...')
#4 E:\xampp\htdocs\apkpkk\system\Database\BaseConnection.php(1726): CodeIgniter\Database\BaseConnection->listTables()
#5 E:\xampp\htdocs\apkpkk\system\Database\MigrationRunner.php(821): CodeIgniter\Database\BaseConnection->tableExists('migrations')
#6 E:\xampp\htdocs\apkpkk\system\Database\MigrationRunner.php(173): CodeIgniter\Database\MigrationRunner->ensureTable()
#7 E:\xampp\htdocs\apkpkk\system\Commands\Database\Migrate.php(89): CodeIgniter\Database\MigrationRunner->latest(NULL)
#8 E:\xampp\htdocs\apkpkk\system\CLI\SignalTrait.php(245): CodeIgniter\Commands\Database\Migrate::CodeIgniter\Commands\Database\{closure}()
#9 E:\xampp\htdocs\apkpkk\system\Commands\Database\Migrate.php(88): CodeIgniter\Commands\Database\Migrate->withSignalsBlocked(Object(Closure))
#10 E:\xampp\htdocs\apkpkk\system\CLI\Commands.php(72): CodeIgniter\Commands\Database\Migrate->run(Array)
#11 E:\xampp\htdocs\apkpkk\system\CLI\Console.php(47): CodeIgniter\CLI\Commands->run('migrate', Array)
#12 E:\xampp\htdocs\apkpkk\system\Boot.php(442): CodeIgniter\CLI\Console->run()
#13 E:\xampp\htdocs\apkpkk\system\Boot.php(166): CodeIgniter\Boot::runCommand(Object(CodeIgniter\CLI\Console))
#14 E:\xampp\htdocs\apkpkk\spark(87): CodeIgniter\Boot::bootSpark(Object(Config\Paths))
#15 {main}

Next CodeIgniter\Database\Exceptions\DatabaseException: Access denied for user ''@'localhost' (using password: NO) in E:\xampp\htdocs\apkpkk\system\Database\MySQLi\Connection.php:231
Stack trace:
#0 E:\xampp\htdocs\apkpkk\system\Database\BaseConnection.php(555): CodeIgniter\Database\MySQLi\Connection->connect(false)
#1 E:\xampp\htdocs\apkpkk\system\Database\BaseConnection.php(795): CodeIgniter\Database\BaseConnection->initialize()
#2 E:\xampp\htdocs\apkpkk\system\Database\BaseConnection.php(1706): CodeIgniter\Database\BaseConnection->query('SHOW TABLES FRO...')
#3 E:\xampp\htdocs\apkpkk\system\Database\BaseConnection.php(1726): CodeIgniter\Database\BaseConnection->listTables()
#4 E:\xampp\htdocs\apkpkk\system\Database\MigrationRunner.php(821): CodeIgniter\Database\BaseConnection->tableExists('migrations')
#5 E:\xampp\htdocs\apkpkk\system\Database\MigrationRunner.php(173): CodeIgniter\Database\MigrationRunner->ensureTable()
#6 E:\xampp\htdocs\apkpkk\system\Commands\Database\Migrate.php(89): CodeIgniter\Database\MigrationRunner->latest(NULL)
#7 E:\xampp\htdocs\apkpkk\system\CLI\SignalTrait.php(245): CodeIgniter\Commands\Database\Migrate::CodeIgniter\Commands\Database\{closure}()
#8 E:\xampp\htdocs\apkpkk\system\Commands\Database\Migrate.php(88): CodeIgniter\Commands\Database\Migrate->withSignalsBlocked(Object(Closure))
#9 E:\xampp\htdocs\apkpkk\system\CLI\Commands.php(72): CodeIgniter\Commands\Database\Migrate->run(Array)
#10 E:\xampp\htdocs\apkpkk\system\CLI\Console.php(47): CodeIgniter\CLI\Commands->run('migrate', Array)
#11 E:\xampp\htdocs\apkpkk\system\Boot.php(442): CodeIgniter\CLI\Console->run()
#12 E:\xampp\htdocs\apkpkk\system\Boot.php(166): CodeIgniter\Boot::runCommand(Object(CodeIgniter\CLI\Console))
#13 E:\xampp\htdocs\apkpkk\spark(87): CodeIgniter\Boot::bootSpark(Object(Config\Paths))
#14 {main}
ERROR - 2026-05-24 07:17:47 --> Function or expression 'curdate()' cannot be used in the GENERATED ALWAYS AS clause of `usia`
in SYSTEMPATH\Database\MySQLi\Connection.php on line 300.
 1 SYSTEMPATH\Database\MySQLi\Connection.php(300): mysqli->query('CREATE TABLE `PendudukDesa` (
	`nik` CHAR(16) NOT NULL,
	`id_desa` VARCHAR(50) NOT NULL,
	`no_kk` VARCHAR(16) NOT NULL,
	`nama` VARCHAR(100) NOT NULL,
	`jenis_kelamin` ENUM(\'L\',\'P\') NOT NULL,
	`tempat_lahir` VARCHAR(100) NOT NULL,
	`tgl_lahir` DATE NOT NULL,
	usia tinyint GENERATED ALWAYS AS (TIMESTAMPDIFF(YEAR, tgl_lahir, CURDATE())) STORED,
	`alamat` VARCHAR(300) NOT NULL,
	`RT` INT(11) NOT NULL,
	`pekerjaan` VARCHAR(200) NOT NULL,
	`status_pernikahan` ENUM(\'belum\',\'menikah\') NOT NULL,
	`pendidikan` VARCHAR(200) NOT NULL,
	created_at datetime default current_timestamp,
	updated_at datetime default current_timestamp on update current_timestamp,
	CONSTRAINT `pk_PendudukDesa` PRIMARY KEY(`nik`),
	CONSTRAINT `PendudukDesa_id_desa_foreign` FOREIGN KEY (`id_desa`) REFERENCES `desa`(`id_desa`) ON DELETE CASCADE ON UPDATE CASCADE
) DEFAULT CHARACTER SET = utf8mb4 COLLATE = utf8mb4_general_ci', 0)
 2 SYSTEMPATH\Database\BaseConnection.php(908): CodeIgniter\Database\MySQLi\Connection->execute('CREATE TABLE `PendudukDesa` (
	`nik` CHAR(16) NOT NULL,
	`id_desa` VARCHAR(50) NOT NULL,
	`no_kk` VARCHAR(16) NOT NULL,
	`nama` VARCHAR(100) NOT NULL,
	`jenis_kelamin` ENUM(\'L\',\'P\') NOT NULL,
	`tempat_lahir` VARCHAR(100) NOT NULL,
	`tgl_lahir` DATE NOT NULL,
	usia tinyint GENERATED ALWAYS AS (TIMESTAMPDIFF(YEAR, tgl_lahir, CURDATE())) STORED,
	`alamat` VARCHAR(300) NOT NULL,
	`RT` INT(11) NOT NULL,
	`pekerjaan` VARCHAR(200) NOT NULL,
	`status_pernikahan` ENUM(\'belum\',\'menikah\') NOT NULL,
	`pendidikan` VARCHAR(200) NOT NULL,
	created_at datetime default current_timestamp,
	updated_at datetime default current_timestamp on update current_timestamp,
	CONSTRAINT `pk_PendudukDesa` PRIMARY KEY(`nik`),
	CONSTRAINT `PendudukDesa_id_desa_foreign` FOREIGN KEY (`id_desa`) REFERENCES `desa`(`id_desa`) ON DELETE CASCADE ON UPDATE CASCADE
) DEFAULT CHARACTER SET = utf8mb4 COLLATE = utf8mb4_general_ci')
 3 SYSTEMPATH\Database\BaseConnection.php(825): CodeIgniter\Database\BaseConnection->simpleQuery('CREATE TABLE `PendudukDesa` (
	`nik` CHAR(16) NOT NULL,
	`id_desa` VARCHAR(50) NOT NULL,
	`no_kk` VARCHAR(16) NOT NULL,
	`nama` VARCHAR(100) NOT NULL,
	`jenis_kelamin` ENUM(\'L\',\'P\') NOT NULL,
	`tempat_lahir` VARCHAR(100) NOT NULL,
	`tgl_lahir` DATE NOT NULL,
	usia tinyint GENERATED ALWAYS AS (TIMESTAMPDIFF(YEAR, tgl_lahir, CURDATE())) STORED,
	`alamat` VARCHAR(300) NOT NULL,
	`RT` INT(11) NOT NULL,
	`pekerjaan` VARCHAR(200) NOT NULL,
	`status_pernikahan` ENUM(\'belum\',\'menikah\') NOT NULL,
	`pendidikan` VARCHAR(200) NOT NULL,
	created_at datetime default current_timestamp,
	updated_at datetime default current_timestamp on update current_timestamp,
	CONSTRAINT `pk_PendudukDesa` PRIMARY KEY(`nik`),
	CONSTRAINT `PendudukDesa_id_desa_foreign` FOREIGN KEY (`id_desa`) REFERENCES `desa`(`id_desa`) ON DELETE CASCADE ON UPDATE CASCADE
) DEFAULT CHARACTER SET = utf8mb4 COLLATE = utf8mb4_general_ci')
 4 SYSTEMPATH\Database\Forge.php(570): CodeIgniter\Database\BaseConnection->query('CREATE TABLE `PendudukDesa` (
	`nik` CHAR(16) NOT NULL,
	`id_desa` VARCHAR(50) NOT NULL,
	`no_kk` VARCHAR(16) NOT NULL,
	`nama` VARCHAR(100) NOT NULL,
	`jenis_kelamin` ENUM(\'L\',\'P\') NOT NULL,
	`tempat_lahir` VARCHAR(100) NOT NULL,
	`tgl_lahir` DATE NOT NULL,
	usia tinyint GENERATED ALWAYS AS (TIMESTAMPDIFF(YEAR, tgl_lahir, CURDATE())) STORED,
	`alamat` VARCHAR(300) NOT NULL,
	`RT` INT(11) NOT NULL,
	`pekerjaan` VARCHAR(200) NOT NULL,
	`status_pernikahan` ENUM(\'belum\',\'menikah\') NOT NULL,
	`pendidikan` VARCHAR(200) NOT NULL,
	created_at datetime default current_timestamp,
	updated_at datetime default current_timestamp on update current_timestamp,
	CONSTRAINT `pk_PendudukDesa` PRIMARY KEY(`nik`),
	CONSTRAINT `PendudukDesa_id_desa_foreign` FOREIGN KEY (`id_desa`) REFERENCES `desa`(`id_desa`) ON DELETE CASCADE ON UPDATE CASCADE
) DEFAULT CHARACTER SET = utf8mb4 COLLATE = utf8mb4_general_ci')
 5 APPPATH\Database\Migrations\2026-05-24-071201_CreatePendudukDesaTable.php(66): CodeIgniter\Database\Forge->createTable('PendudukDesa')
 6 SYSTEMPATH\Database\MigrationRunner.php(1014): App\Database\Migrations\CreatePendudukDesaTable->up()
 7 SYSTEMPATH\Database\MigrationRunner.php(202): CodeIgniter\Database\MigrationRunner->migrate('up', Object(stdClass))
 8 SYSTEMPATH\Commands\Database\Migrate.php(89): CodeIgniter\Database\MigrationRunner->latest(null)
 9 SYSTEMPATH\CLI\SignalTrait.php(245): CodeIgniter\Commands\Database\Migrate::CodeIgniter\Commands\Database\{closure}()
10 SYSTEMPATH\Commands\Database\Migrate.php(88): CodeIgniter\Commands\Database\Migrate->withSignalsBlocked(Object(Closure))
11 SYSTEMPATH\CLI\Commands.php(72): CodeIgniter\Commands\Database\Migrate->run([])
12 SYSTEMPATH\CLI\Console.php(47): CodeIgniter\CLI\Commands->run('migrate', [])
13 SYSTEMPATH\Boot.php(442): CodeIgniter\CLI\Console->run()
14 SYSTEMPATH\Boot.php(166): CodeIgniter\Boot::runCommand(Object(CodeIgniter\CLI\Console))
15 ROOTPATH\spark(87): CodeIgniter\Boot::bootSpark(Object(Config\Paths))
ERROR - 2026-05-24 07:24:56 --> Function or expression 'curdate()' cannot be used in the GENERATED ALWAYS AS clause of `usia`
in SYSTEMPATH\Database\MySQLi\Connection.php on line 300.
 1 SYSTEMPATH\Database\MySQLi\Connection.php(300): mysqli->query('CREATE TABLE `PendudukDesa` (
	`nik` CHAR(16) NOT NULL,
	`id_desa` VARCHAR(50) NOT NULL,
	`no_kk` VARCHAR(16) NOT NULL,
	`nama` VARCHAR(100) NOT NULL,
	`jenis_kelamin` ENUM(\'L\',\'P\') NOT NULL,
	`tempat_lahir` VARCHAR(100) NOT NULL,
	`tgl_lahir` DATE NOT NULL,
	usia tinyint GENERATED ALWAYS AS (TIMESTAMPDIFF(YEAR, tgl_lahir, CURDATE())) STORED,
	`alamat` VARCHAR(300) NOT NULL,
	`RT` INT(11) NOT NULL,
	`pekerjaan` VARCHAR(200) NOT NULL,
	`status_pernikahan` ENUM(\'belum\',\'menikah\') NOT NULL,
	`pendidikan` VARCHAR(200) NOT NULL,
	created_at datetime default current_timestamp,
	updated_at datetime default current_timestamp on update current_timestamp,
	CONSTRAINT `pk_PendudukDesa` PRIMARY KEY(`nik`),
	CONSTRAINT `PendudukDesa_id_desa_foreign` FOREIGN KEY (`id_desa`) REFERENCES `desa`(`id_desa`) ON DELETE CASCADE ON UPDATE CASCADE
) DEFAULT CHARACTER SET = utf8mb4 COLLATE = utf8mb4_general_ci', 0)
 2 SYSTEMPATH\Database\BaseConnection.php(908): CodeIgniter\Database\MySQLi\Connection->execute('CREATE TABLE `PendudukDesa` (
	`nik` CHAR(16) NOT NULL,
	`id_desa` VARCHAR(50) NOT NULL,
	`no_kk` VARCHAR(16) NOT NULL,
	`nama` VARCHAR(100) NOT NULL,
	`jenis_kelamin` ENUM(\'L\',\'P\') NOT NULL,
	`tempat_lahir` VARCHAR(100) NOT NULL,
	`tgl_lahir` DATE NOT NULL,
	usia tinyint GENERATED ALWAYS AS (TIMESTAMPDIFF(YEAR, tgl_lahir, CURDATE())) STORED,
	`alamat` VARCHAR(300) NOT NULL,
	`RT` INT(11) NOT NULL,
	`pekerjaan` VARCHAR(200) NOT NULL,
	`status_pernikahan` ENUM(\'belum\',\'menikah\') NOT NULL,
	`pendidikan` VARCHAR(200) NOT NULL,
	created_at datetime default current_timestamp,
	updated_at datetime default current_timestamp on update current_timestamp,
	CONSTRAINT `pk_PendudukDesa` PRIMARY KEY(`nik`),
	CONSTRAINT `PendudukDesa_id_desa_foreign` FOREIGN KEY (`id_desa`) REFERENCES `desa`(`id_desa`) ON DELETE CASCADE ON UPDATE CASCADE
) DEFAULT CHARACTER SET = utf8mb4 COLLATE = utf8mb4_general_ci')
 3 SYSTEMPATH\Database\BaseConnection.php(825): CodeIgniter\Database\BaseConnection->simpleQuery('CREATE TABLE `PendudukDesa` (
	`nik` CHAR(16) NOT NULL,
	`id_desa` VARCHAR(50) NOT NULL,
	`no_kk` VARCHAR(16) NOT NULL,
	`nama` VARCHAR(100) NOT NULL,
	`jenis_kelamin` ENUM(\'L\',\'P\') NOT NULL,
	`tempat_lahir` VARCHAR(100) NOT NULL,
	`tgl_lahir` DATE NOT NULL,
	usia tinyint GENERATED ALWAYS AS (TIMESTAMPDIFF(YEAR, tgl_lahir, CURDATE())) STORED,
	`alamat` VARCHAR(300) NOT NULL,
	`RT` INT(11) NOT NULL,
	`pekerjaan` VARCHAR(200) NOT NULL,
	`status_pernikahan` ENUM(\'belum\',\'menikah\') NOT NULL,
	`pendidikan` VARCHAR(200) NOT NULL,
	created_at datetime default current_timestamp,
	updated_at datetime default current_timestamp on update current_timestamp,
	CONSTRAINT `pk_PendudukDesa` PRIMARY KEY(`nik`),
	CONSTRAINT `PendudukDesa_id_desa_foreign` FOREIGN KEY (`id_desa`) REFERENCES `desa`(`id_desa`) ON DELETE CASCADE ON UPDATE CASCADE
) DEFAULT CHARACTER SET = utf8mb4 COLLATE = utf8mb4_general_ci')
 4 SYSTEMPATH\Database\Forge.php(570): CodeIgniter\Database\BaseConnection->query('CREATE TABLE `PendudukDesa` (
	`nik` CHAR(16) NOT NULL,
	`id_desa` VARCHAR(50) NOT NULL,
	`no_kk` VARCHAR(16) NOT NULL,
	`nama` VARCHAR(100) NOT NULL,
	`jenis_kelamin` ENUM(\'L\',\'P\') NOT NULL,
	`tempat_lahir` VARCHAR(100) NOT NULL,
	`tgl_lahir` DATE NOT NULL,
	usia tinyint GENERATED ALWAYS AS (TIMESTAMPDIFF(YEAR, tgl_lahir, CURDATE())) STORED,
	`alamat` VARCHAR(300) NOT NULL,
	`RT` INT(11) NOT NULL,
	`pekerjaan` VARCHAR(200) NOT NULL,
	`status_pernikahan` ENUM(\'belum\',\'menikah\') NOT NULL,
	`pendidikan` VARCHAR(200) NOT NULL,
	created_at datetime default current_timestamp,
	updated_at datetime default current_timestamp on update current_timestamp,
	CONSTRAINT `pk_PendudukDesa` PRIMARY KEY(`nik`),
	CONSTRAINT `PendudukDesa_id_desa_foreign` FOREIGN KEY (`id_desa`) REFERENCES `desa`(`id_desa`) ON DELETE CASCADE ON UPDATE CASCADE
) DEFAULT CHARACTER SET = utf8mb4 COLLATE = utf8mb4_general_ci')
 5 APPPATH\Database\Migrations\2026-05-24-071201_CreatePendudukDesaTable.php(66): CodeIgniter\Database\Forge->createTable('PendudukDesa')
 6 SYSTEMPATH\Database\MigrationRunner.php(1014): App\Database\Migrations\CreatePendudukDesaTable->up()
 7 SYSTEMPATH\Database\MigrationRunner.php(202): CodeIgniter\Database\MigrationRunner->migrate('up', Object(stdClass))
 8 SYSTEMPATH\Commands\Database\Migrate.php(89): CodeIgniter\Database\MigrationRunner->latest(null)
 9 SYSTEMPATH\CLI\SignalTrait.php(245): CodeIgniter\Commands\Database\Migrate::CodeIgniter\Commands\Database\{closure}()
10 SYSTEMPATH\Commands\Database\Migrate.php(88): CodeIgniter\Commands\Database\Migrate->withSignalsBlocked(Object(Closure))
11 SYSTEMPATH\CLI\Commands.php(72): CodeIgniter\Commands\Database\Migrate->run([])
12 SYSTEMPATH\CLI\Console.php(47): CodeIgniter\CLI\Commands->run('migrate', [])
13 SYSTEMPATH\Boot.php(442): CodeIgniter\CLI\Console->run()
14 SYSTEMPATH\Boot.php(166): CodeIgniter\Boot::runCommand(Object(CodeIgniter\CLI\Console))
15 ROOTPATH\spark(87): CodeIgniter\Boot::bootSpark(Object(Config\Paths))
CRITICAL - 2026-05-24 09:16:18 --> CodeIgniter\View\Exceptions\ViewException: Invalid file: "pkk/penduduk/index.php"
[Method: GET, Route: pkk/penduduk]
in SYSTEMPATH\Exceptions\FrameworkException.php on line 39.
 1 SYSTEMPATH\View\View.php(228): CodeIgniter\Exceptions\FrameworkException::forInvalidFile('pkk/penduduk/index.php')
 2 SYSTEMPATH\Common.php(1254): CodeIgniter\View\View->render('pkk/penduduk/index', [], true)
 3 APPPATH\Controllers\PendudukController.php(26): view('pkk/penduduk/index', [...])
 4 SYSTEMPATH\CodeIgniter.php(974): App\Controllers\PendudukController->index()
 5 SYSTEMPATH\CodeIgniter.php(520): CodeIgniter\CodeIgniter->runController(Object(App\Controllers\PendudukController))
 6 SYSTEMPATH\CodeIgniter.php(363): CodeIgniter\CodeIgniter->handleRequest(null, Object(Config\Cache), false)
 7 SYSTEMPATH\Boot.php(417): CodeIgniter\CodeIgniter->run()
 8 SYSTEMPATH\Boot.php(68): CodeIgniter\Boot::runCodeIgniter(Object(CodeIgniter\CodeIgniter))
 9 FCPATH\index.php(59): CodeIgniter\Boot::bootWeb(Object(Config\Paths))
10 SYSTEMPATH\rewrite.php(44): require_once('E:\\xampp\\htdocs\\apkpkk\\public\\index.php')
CRITICAL - 2026-05-24 09:16:24 --> CodeIgniter\View\Exceptions\ViewException: Invalid file: "pkk/penduduk/index.php"
[Method: GET, Route: pkk/penduduk]
in SYSTEMPATH\Exceptions\FrameworkException.php on line 39.
 1 SYSTEMPATH\View\View.php(228): CodeIgniter\Exceptions\FrameworkException::forInvalidFile('pkk/penduduk/index.php')
 2 SYSTEMPATH\Common.php(1254): CodeIgniter\View\View->render('pkk/penduduk/index', [], true)
 3 APPPATH\Controllers\PendudukController.php(26): view('pkk/penduduk/index', [...])
 4 SYSTEMPATH\CodeIgniter.php(974): App\Controllers\PendudukController->index()
 5 SYSTEMPATH\CodeIgniter.php(520): CodeIgniter\CodeIgniter->runController(Object(App\Controllers\PendudukController))
 6 SYSTEMPATH\CodeIgniter.php(363): CodeIgniter\CodeIgniter->handleRequest(null, Object(Config\Cache), false)
 7 SYSTEMPATH\Boot.php(417): CodeIgniter\CodeIgniter->run()
 8 SYSTEMPATH\Boot.php(68): CodeIgniter\Boot::runCodeIgniter(Object(CodeIgniter\CodeIgniter))
 9 FCPATH\index.php(59): CodeIgniter\Boot::bootWeb(Object(Config\Paths))
10 SYSTEMPATH\rewrite.php(44): require_once('E:\\xampp\\htdocs\\apkpkk\\public\\index.php')
CRITICAL - 2026-05-24 09:16:36 --> CodeIgniter\View\Exceptions\ViewException: Invalid file: "pkk/penduduk/index.php"
[Method: GET, Route: pkk/penduduk]
in SYSTEMPATH\Exceptions\FrameworkException.php on line 39.
 1 SYSTEMPATH\View\View.php(228): CodeIgniter\Exceptions\FrameworkException::forInvalidFile('pkk/penduduk/index.php')
 2 SYSTEMPATH\Common.php(1254): CodeIgniter\View\View->render('pkk/penduduk/index', [], true)
 3 APPPATH\Controllers\PendudukController.php(26): view('pkk/penduduk/index', [...])
 4 SYSTEMPATH\CodeIgniter.php(974): App\Controllers\PendudukController->index()
 5 SYSTEMPATH\CodeIgniter.php(520): CodeIgniter\CodeIgniter->runController(Object(App\Controllers\PendudukController))
 6 SYSTEMPATH\CodeIgniter.php(363): CodeIgniter\CodeIgniter->handleRequest(null, Object(Config\Cache), false)
 7 SYSTEMPATH\Boot.php(417): CodeIgniter\CodeIgniter->run()
 8 SYSTEMPATH\Boot.php(68): CodeIgniter\Boot::runCodeIgniter(Object(CodeIgniter\CodeIgniter))
 9 FCPATH\index.php(59): CodeIgniter\Boot::bootWeb(Object(Config\Paths))
10 SYSTEMPATH\rewrite.php(44): require_once('E:\\xampp\\htdocs\\apkpkk\\public\\index.php')
CRITICAL - 2026-05-24 09:44:33 --> CodeIgniter\View\Exceptions\ViewException: Invalid file: "pkk/penduduk/index.php"
[Method: GET, Route: pkk/penduduk]
in SYSTEMPATH\Exceptions\FrameworkException.php on line 39.
 1 SYSTEMPATH\View\View.php(228): CodeIgniter\Exceptions\FrameworkException::forInvalidFile('pkk/penduduk/index.php')
 2 SYSTEMPATH\Common.php(1254): CodeIgniter\View\View->render('pkk/penduduk/index', [], true)
 3 APPPATH\Controllers\PendudukController.php(26): view('pkk/penduduk/index', [...])
 4 SYSTEMPATH\CodeIgniter.php(974): App\Controllers\PendudukController->index()
 5 SYSTEMPATH\CodeIgniter.php(520): CodeIgniter\CodeIgniter->runController(Object(App\Controllers\PendudukController))
 6 SYSTEMPATH\CodeIgniter.php(363): CodeIgniter\CodeIgniter->handleRequest(null, Object(Config\Cache), false)
 7 SYSTEMPATH\Boot.php(417): CodeIgniter\CodeIgniter->run()
 8 SYSTEMPATH\Boot.php(68): CodeIgniter\Boot::runCodeIgniter(Object(CodeIgniter\CodeIgniter))
 9 FCPATH\index.php(59): CodeIgniter\Boot::bootWeb(Object(Config\Paths))
10 SYSTEMPATH\rewrite.php(44): require_once('E:\\xampp\\htdocs\\apkpkk\\public\\index.php')
CRITICAL - 2026-05-24 09:44:52 --> CodeIgniter\View\Exceptions\ViewException: Invalid file: "pkk/penduduk/index.php"
[Method: GET, Route: pkk/penduduk]
in SYSTEMPATH\Exceptions\FrameworkException.php on line 39.
 1 SYSTEMPATH\View\View.php(228): CodeIgniter\Exceptions\FrameworkException::forInvalidFile('pkk/penduduk/index.php')
 2 SYSTEMPATH\Common.php(1254): CodeIgniter\View\View->render('pkk/penduduk/index', [], true)
 3 APPPATH\Controllers\PendudukController.php(26): view('pkk/penduduk/index', [...])
 4 SYSTEMPATH\CodeIgniter.php(974): App\Controllers\PendudukController->index()
 5 SYSTEMPATH\CodeIgniter.php(520): CodeIgniter\CodeIgniter->runController(Object(App\Controllers\PendudukController))
 6 SYSTEMPATH\CodeIgniter.php(363): CodeIgniter\CodeIgniter->handleRequest(null, Object(Config\Cache), false)
 7 SYSTEMPATH\Boot.php(417): CodeIgniter\CodeIgniter->run()
 8 SYSTEMPATH\Boot.php(68): CodeIgniter\Boot::runCodeIgniter(Object(CodeIgniter\CodeIgniter))
 9 FCPATH\index.php(59): CodeIgniter\Boot::bootWeb(Object(Config\Paths))
10 SYSTEMPATH\rewrite.php(44): require_once('E:\\xampp\\htdocs\\apkpkk\\public\\index.php')
CRITICAL - 2026-05-24 09:44:55 --> CodeIgniter\View\Exceptions\ViewException: Invalid file: "pkk/penduduk/index.php"
[Method: GET, Route: pkk/penduduk]
in SYSTEMPATH\Exceptions\FrameworkException.php on line 39.
 1 SYSTEMPATH\View\View.php(228): CodeIgniter\Exceptions\FrameworkException::forInvalidFile('pkk/penduduk/index.php')
 2 SYSTEMPATH\Common.php(1254): CodeIgniter\View\View->render('pkk/penduduk/index', [], true)
 3 APPPATH\Controllers\PendudukController.php(26): view('pkk/penduduk/index', [...])
 4 SYSTEMPATH\CodeIgniter.php(974): App\Controllers\PendudukController->index()
 5 SYSTEMPATH\CodeIgniter.php(520): CodeIgniter\CodeIgniter->runController(Object(App\Controllers\PendudukController))
 6 SYSTEMPATH\CodeIgniter.php(363): CodeIgniter\CodeIgniter->handleRequest(null, Object(Config\Cache), false)
 7 SYSTEMPATH\Boot.php(417): CodeIgniter\CodeIgniter->run()
 8 SYSTEMPATH\Boot.php(68): CodeIgniter\Boot::runCodeIgniter(Object(CodeIgniter\CodeIgniter))
 9 FCPATH\index.php(59): CodeIgniter\Boot::bootWeb(Object(Config\Paths))
10 SYSTEMPATH\rewrite.php(44): require_once('E:\\xampp\\htdocs\\apkpkk\\public\\index.php')
CRITICAL - 2026-05-24 09:46:07 --> CodeIgniter\View\Exceptions\ViewException: Invalid file: "pkk/penduduk/index.php"
[Method: GET, Route: pkk/penduduk]
in SYSTEMPATH\Exceptions\FrameworkException.php on line 39.
 1 SYSTEMPATH\View\View.php(228): CodeIgniter\Exceptions\FrameworkException::forInvalidFile('pkk/penduduk/index.php')
 2 SYSTEMPATH\Common.php(1254): CodeIgniter\View\View->render('pkk/penduduk/index', [], true)
 3 APPPATH\Controllers\PendudukController.php(26): view('pkk/penduduk/index', [...])
 4 SYSTEMPATH\CodeIgniter.php(974): App\Controllers\PendudukController->index()
 5 SYSTEMPATH\CodeIgniter.php(520): CodeIgniter\CodeIgniter->runController(Object(App\Controllers\PendudukController))
 6 SYSTEMPATH\CodeIgniter.php(363): CodeIgniter\CodeIgniter->handleRequest(null, Object(Config\Cache), false)
 7 SYSTEMPATH\Boot.php(417): CodeIgniter\CodeIgniter->run()
 8 SYSTEMPATH\Boot.php(68): CodeIgniter\Boot::runCodeIgniter(Object(CodeIgniter\CodeIgniter))
 9 FCPATH\index.php(59): CodeIgniter\Boot::bootWeb(Object(Config\Paths))
10 SYSTEMPATH\rewrite.php(44): require_once('E:\\xampp\\htdocs\\apkpkk\\public\\index.php')
CRITICAL - 2026-05-24 09:46:08 --> CodeIgniter\View\Exceptions\ViewException: Invalid file: "pkk/penduduk/index.php"
[Method: GET, Route: pkk/penduduk]
in SYSTEMPATH\Exceptions\FrameworkException.php on line 39.
 1 SYSTEMPATH\View\View.php(228): CodeIgniter\Exceptions\FrameworkException::forInvalidFile('pkk/penduduk/index.php')
 2 SYSTEMPATH\Common.php(1254): CodeIgniter\View\View->render('pkk/penduduk/index', [], true)
 3 APPPATH\Controllers\PendudukController.php(26): view('pkk/penduduk/index', [...])
 4 SYSTEMPATH\CodeIgniter.php(974): App\Controllers\PendudukController->index()
 5 SYSTEMPATH\CodeIgniter.php(520): CodeIgniter\CodeIgniter->runController(Object(App\Controllers\PendudukController))
 6 SYSTEMPATH\CodeIgniter.php(363): CodeIgniter\CodeIgniter->handleRequest(null, Object(Config\Cache), false)
 7 SYSTEMPATH\Boot.php(417): CodeIgniter\CodeIgniter->run()
 8 SYSTEMPATH\Boot.php(68): CodeIgniter\Boot::runCodeIgniter(Object(CodeIgniter\CodeIgniter))
 9 FCPATH\index.php(59): CodeIgniter\Boot::bootWeb(Object(Config\Paths))
10 SYSTEMPATH\rewrite.php(44): require_once('E:\\xampp\\htdocs\\apkpkk\\public\\index.php')
CRITICAL - 2026-05-24 09:46:10 --> CodeIgniter\View\Exceptions\ViewException: Invalid file: "pkk/penduduk/index.php"
[Method: GET, Route: pkk/penduduk]
in SYSTEMPATH\Exceptions\FrameworkException.php on line 39.
 1 SYSTEMPATH\View\View.php(228): CodeIgniter\Exceptions\FrameworkException::forInvalidFile('pkk/penduduk/index.php')
 2 SYSTEMPATH\Common.php(1254): CodeIgniter\View\View->render('pkk/penduduk/index', [], true)
 3 APPPATH\Controllers\PendudukController.php(26): view('pkk/penduduk/index', [...])
 4 SYSTEMPATH\CodeIgniter.php(974): App\Controllers\PendudukController->index()
 5 SYSTEMPATH\CodeIgniter.php(520): CodeIgniter\CodeIgniter->runController(Object(App\Controllers\PendudukController))
 6 SYSTEMPATH\CodeIgniter.php(363): CodeIgniter\CodeIgniter->handleRequest(null, Object(Config\Cache), false)
 7 SYSTEMPATH\Boot.php(417): CodeIgniter\CodeIgniter->run()
 8 SYSTEMPATH\Boot.php(68): CodeIgniter\Boot::runCodeIgniter(Object(CodeIgniter\CodeIgniter))
 9 FCPATH\index.php(59): CodeIgniter\Boot::bootWeb(Object(Config\Paths))
10 SYSTEMPATH\rewrite.php(44): require_once('E:\\xampp\\htdocs\\apkpkk\\public\\index.php')
CRITICAL - 2026-05-24 09:46:34 --> CodeIgniter\View\Exceptions\ViewException: Invalid file: "pkk/penduduk/index.php"
[Method: GET, Route: pkk/penduduk]
in SYSTEMPATH\Exceptions\FrameworkException.php on line 39.
 1 SYSTEMPATH\View\View.php(228): CodeIgniter\Exceptions\FrameworkException::forInvalidFile('pkk/penduduk/index.php')
 2 SYSTEMPATH\Common.php(1254): CodeIgniter\View\View->render('pkk/penduduk/index', [], true)
 3 APPPATH\Controllers\PendudukController.php(26): view('pkk/penduduk/index', [...])
 4 SYSTEMPATH\CodeIgniter.php(974): App\Controllers\PendudukController->index()
 5 SYSTEMPATH\CodeIgniter.php(520): CodeIgniter\CodeIgniter->runController(Object(App\Controllers\PendudukController))
 6 SYSTEMPATH\CodeIgniter.php(363): CodeIgniter\CodeIgniter->handleRequest(null, Object(Config\Cache), false)
 7 SYSTEMPATH\Boot.php(417): CodeIgniter\CodeIgniter->run()
 8 SYSTEMPATH\Boot.php(68): CodeIgniter\Boot::runCodeIgniter(Object(CodeIgniter\CodeIgniter))
 9 FCPATH\index.php(59): CodeIgniter\Boot::bootWeb(Object(Config\Paths))
10 SYSTEMPATH\rewrite.php(44): require_once('E:\\xampp\\htdocs\\apkpkk\\public\\index.php')
CRITICAL - 2026-05-24 09:46:36 --> CodeIgniter\View\Exceptions\ViewException: Invalid file: "pkk/penduduk/index.php"
[Method: GET, Route: pkk/penduduk]
in SYSTEMPATH\Exceptions\FrameworkException.php on line 39.
 1 SYSTEMPATH\View\View.php(228): CodeIgniter\Exceptions\FrameworkException::forInvalidFile('pkk/penduduk/index.php')
 2 SYSTEMPATH\Common.php(1254): CodeIgniter\View\View->render('pkk/penduduk/index', [], true)
 3 APPPATH\Controllers\PendudukController.php(26): view('pkk/penduduk/index', [...])
 4 SYSTEMPATH\CodeIgniter.php(974): App\Controllers\PendudukController->index()
 5 SYSTEMPATH\CodeIgniter.php(520): CodeIgniter\CodeIgniter->runController(Object(App\Controllers\PendudukController))
 6 SYSTEMPATH\CodeIgniter.php(363): CodeIgniter\CodeIgniter->handleRequest(null, Object(Config\Cache), false)
 7 SYSTEMPATH\Boot.php(417): CodeIgniter\CodeIgniter->run()
 8 SYSTEMPATH\Boot.php(68): CodeIgniter\Boot::runCodeIgniter(Object(CodeIgniter\CodeIgniter))
 9 FCPATH\index.php(59): CodeIgniter\Boot::bootWeb(Object(Config\Paths))
10 SYSTEMPATH\rewrite.php(44): require_once('E:\\xampp\\htdocs\\apkpkk\\public\\index.php')
CRITICAL - 2026-05-24 09:46:38 --> CodeIgniter\View\Exceptions\ViewException: Invalid file: "pkk/penduduk/index.php"
[Method: GET, Route: pkk/penduduk]
in SYSTEMPATH\Exceptions\FrameworkException.php on line 39.
 1 SYSTEMPATH\View\View.php(228): CodeIgniter\Exceptions\FrameworkException::forInvalidFile('pkk/penduduk/index.php')
 2 SYSTEMPATH\Common.php(1254): CodeIgniter\View\View->render('pkk/penduduk/index', [], true)
 3 APPPATH\Controllers\PendudukController.php(26): view('pkk/penduduk/index', [...])
 4 SYSTEMPATH\CodeIgniter.php(974): App\Controllers\PendudukController->index()
 5 SYSTEMPATH\CodeIgniter.php(520): CodeIgniter\CodeIgniter->runController(Object(App\Controllers\PendudukController))
 6 SYSTEMPATH\CodeIgniter.php(363): CodeIgniter\CodeIgniter->handleRequest(null, Object(Config\Cache), false)
 7 SYSTEMPATH\Boot.php(417): CodeIgniter\CodeIgniter->run()
 8 SYSTEMPATH\Boot.php(68): CodeIgniter\Boot::runCodeIgniter(Object(CodeIgniter\CodeIgniter))
 9 FCPATH\index.php(59): CodeIgniter\Boot::bootWeb(Object(Config\Paths))
10 SYSTEMPATH\rewrite.php(44): require_once('E:\\xampp\\htdocs\\apkpkk\\public\\index.php')
DEBUG - 2026-05-24 09:48:45 --> Session: Class initialized using 'CodeIgniter\Session\Handlers\FileHandler' driver.
CRITICAL - 2026-05-24 09:48:45 --> CodeIgniter\View\Exceptions\ViewException: Invalid file: "pkk/penduduk/index.php"
[Method: GET, Route: pkk/penduduk]
in SYSTEMPATH\Exceptions\FrameworkException.php on line 39.
 1 SYSTEMPATH\View\View.php(228): CodeIgniter\Exceptions\FrameworkException::forInvalidFile('pkk/penduduk/index.php')
 2 SYSTEMPATH\Common.php(1254): CodeIgniter\View\View->render('pkk/penduduk/index', [], true)
 3 APPPATH\Controllers\PendudukController.php(26): view('pkk/penduduk/index', [...])
 4 SYSTEMPATH\CodeIgniter.php(974): App\Controllers\PendudukController->index()
 5 SYSTEMPATH\CodeIgniter.php(520): CodeIgniter\CodeIgniter->runController(Object(App\Controllers\PendudukController))
 6 SYSTEMPATH\CodeIgniter.php(363): CodeIgniter\CodeIgniter->handleRequest(null, Object(Config\Cache), false)
 7 SYSTEMPATH\Boot.php(417): CodeIgniter\CodeIgniter->run()
 8 SYSTEMPATH\Boot.php(68): CodeIgniter\Boot::runCodeIgniter(Object(CodeIgniter\CodeIgniter))
 9 FCPATH\index.php(59): CodeIgniter\Boot::bootWeb(Object(Config\Paths))
10 SYSTEMPATH\rewrite.php(44): require_once('E:\\xampp\\htdocs\\apkpkk\\public\\index.php')
DEBUG - 2026-05-24 09:52:31 --> Session: Class initialized using 'CodeIgniter\Session\Handlers\FileHandler' driver.
DEBUG - 2026-05-24 09:52:45 --> Session: Class initialized using 'CodeIgniter\Session\Handlers\FileHandler' driver.
DEBUG - 2026-05-24 09:53:12 --> Session: Class initialized using 'CodeIgniter\Session\Handlers\FileHandler' driver.
DEBUG - 2026-05-24 09:53:24 --> Session: Class initialized using 'CodeIgniter\Session\Handlers\FileHandler' driver.
DEBUG - 2026-05-24 09:53:36 --> Session: Class initialized using 'CodeIgniter\Session\Handlers\FileHandler' driver.
DEBUG - 2026-05-24 09:53:36 --> Session: Class initialized using 'CodeIgniter\Session\Handlers\FileHandler' driver.
DEBUG - 2026-05-24 09:53:39 --> Session: Class initialized using 'CodeIgniter\Session\Handlers\FileHandler' driver.
DEBUG - 2026-05-24 09:53:47 --> Session: Class initialized using 'CodeIgniter\Session\Handlers\FileHandler' driver.
DEBUG - 2026-05-24 09:53:47 --> Session: Class initialized using 'CodeIgniter\Session\Handlers\FileHandler' driver.
DEBUG - 2026-05-24 09:53:54 --> Session: Class initialized using 'CodeIgniter\Session\Handlers\FileHandler' driver.
DEBUG - 2026-05-24 09:55:03 --> Session: Class initialized using 'CodeIgniter\Session\Handlers\FileHandler' driver.
DEBUG - 2026-05-24 09:55:03 --> Session: Class initialized using 'CodeIgniter\Session\Handlers\FileHandler' driver.
DEBUG - 2026-05-24 10:49:44 --> Session: Class initialized using 'CodeIgniter\Session\Handlers\FileHandler' driver.
DEBUG - 2026-05-24 10:50:02 --> Session: Class initialized using 'CodeIgniter\Session\Handlers\FileHandler' driver.
DEBUG - 2026-05-24 10:53:33 --> Session: Class initialized using 'CodeIgniter\Session\Handlers\FileHandler' driver.
DEBUG - 2026-05-24 10:55:44 --> Session: Class initialized using 'CodeIgniter\Session\Handlers\FileHandler' driver.
DEBUG - 2026-05-24 10:57:41 --> Session: Class initialized using 'CodeIgniter\Session\Handlers\FileHandler' driver.
DEBUG - 2026-05-24 10:57:58 --> Session: Class initialized using 'CodeIgniter\Session\Handlers\FileHandler' driver.
DEBUG - 2026-05-24 10:58:09 --> Session: Class initialized using 'CodeIgniter\Session\Handlers\FileHandler' driver.
DEBUG - 2026-05-24 10:58:17 --> Session: Class initialized using 'CodeIgniter\Session\Handlers\FileHandler' driver.
DEBUG - 2026-05-24 10:58:22 --> Session: Class initialized using 'CodeIgniter\Session\Handlers\FileHandler' driver.
DEBUG - 2026-05-24 10:59:14 --> Session: Class initialized using 'CodeIgniter\Session\Handlers\FileHandler' driver.
DEBUG - 2026-05-24 10:59:14 --> Session: Class initialized using 'CodeIgniter\Session\Handlers\FileHandler' driver.
DEBUG - 2026-05-24 10:59:39 --> Session: Class initialized using 'CodeIgniter\Session\Handlers\FileHandler' driver.
DEBUG - 2026-05-24 10:59:39 --> Session: Class initialized using 'CodeIgniter\Session\Handlers\FileHandler' driver.
DEBUG - 2026-05-24 11:04:40 --> Session: Class initialized using 'CodeIgniter\Session\Handlers\FileHandler' driver.
DEBUG - 2026-05-24 11:07:42 --> Session: Class initialized using 'CodeIgniter\Session\Handlers\FileHandler' driver.
DEBUG - 2026-05-24 11:07:43 --> Session: Class initialized using 'CodeIgniter\Session\Handlers\FileHandler' driver.
DEBUG - 2026-05-24 11:12:04 --> Session: Class initialized using 'CodeIgniter\Session\Handlers\FileHandler' driver.
DEBUG - 2026-05-24 11:12:07 --> Session: Class initialized using 'CodeIgniter\Session\Handlers\FileHandler' driver.
DEBUG - 2026-05-24 11:12:09 --> Session: Class initialized using 'CodeIgniter\Session\Handlers\FileHandler' driver.
DEBUG - 2026-05-24 11:12:09 --> Session: Class initialized using 'CodeIgniter\Session\Handlers\FileHandler' driver.
DEBUG - 2026-05-24 11:12:18 --> Session: Class initialized using 'CodeIgniter\Session\Handlers\FileHandler' driver.
DEBUG - 2026-05-24 11:12:18 --> Session: Class initialized using 'CodeIgniter\Session\Handlers\FileHandler' driver.
DEBUG - 2026-05-24 11:13:34 --> Session: Class initialized using 'CodeIgniter\Session\Handlers\FileHandler' driver.
DEBUG - 2026-05-24 11:16:19 --> Session: Class initialized using 'CodeIgniter\Session\Handlers\FileHandler' driver.
DEBUG - 2026-05-24 11:16:22 --> Session: Class initialized using 'CodeIgniter\Session\Handlers\FileHandler' driver.
DEBUG - 2026-05-24 11:16:23 --> Session: Class initialized using 'CodeIgniter\Session\Handlers\FileHandler' driver.
DEBUG - 2026-05-24 11:16:25 --> Session: Class initialized using 'CodeIgniter\Session\Handlers\FileHandler' driver.
DEBUG - 2026-05-24 11:16:25 --> Session: Class initialized using 'CodeIgniter\Session\Handlers\FileHandler' driver.
DEBUG - 2026-05-24 11:16:28 --> Session: Class initialized using 'CodeIgniter\Session\Handlers\FileHandler' driver.
DEBUG - 2026-05-24 11:16:28 --> Session: Class initialized using 'CodeIgniter\Session\Handlers\FileHandler' driver.
DEBUG - 2026-05-24 12:25:16 --> Session: Class initialized using 'CodeIgniter\Session\Handlers\FileHandler' driver.
DEBUG - 2026-05-24 13:17:42 --> Session: Class initialized using 'CodeIgniter\Session\Handlers\FileHandler' driver.
ERROR - 2026-05-24 17:32:40 --> Unknown column 'nama' in 'field list'
in SYSTEMPATH\Database\MySQLi\Connection.php on line 300.
 1 SYSTEMPATH\Database\MySQLi\Connection.php(300): mysqli->query('INSERT INTO `users` (`created_at`, `nama`, `password`, `role`, `username`)
VALUES (\'2026-05-24 17:32:40\',\'Ahmad Mujahid (Admin)\',\'$2y$10$B/zqoslHH53frcFfYgzQruwtRZIToNXmHNmJ95VG3t9GhZM9xMp3i\',\'admin\',\'adminpusat\'), (\'2026-05-24 17:32:40\',\'Ibu Siti Rahma\',\'$2y$10$1dj9XVH5SQxrP6ajIq6kt.XOeZCg0XxOsqIw6z066WiqAfm6dQ3iq\',\'pkk\',\'ketuapkk\')', 0)
 2 SYSTEMPATH\Database\BaseConnection.php(908): CodeIgniter\Database\MySQLi\Connection->execute('INSERT INTO `users` (`created_at`, `nama`, `password`, `role`, `username`)
VALUES (\'2026-05-24 17:32:40\',\'Ahmad Mujahid (Admin)\',\'$2y$10$B/zqoslHH53frcFfYgzQruwtRZIToNXmHNmJ95VG3t9GhZM9xMp3i\',\'admin\',\'adminpusat\'), (\'2026-05-24 17:32:40\',\'Ibu Siti Rahma\',\'$2y$10$1dj9XVH5SQxrP6ajIq6kt.XOeZCg0XxOsqIw6z066WiqAfm6dQ3iq\',\'pkk\',\'ketuapkk\')')
 3 SYSTEMPATH\Database\BaseConnection.php(825): CodeIgniter\Database\BaseConnection->simpleQuery('INSERT INTO `users` (`created_at`, `nama`, `password`, `role`, `username`)
VALUES (\'2026-05-24 17:32:40\',\'Ahmad Mujahid (Admin)\',\'$2y$10$B/zqoslHH53frcFfYgzQruwtRZIToNXmHNmJ95VG3t9GhZM9xMp3i\',\'admin\',\'adminpusat\'), (\'2026-05-24 17:32:40\',\'Ibu Siti Rahma\',\'$2y$10$1dj9XVH5SQxrP6ajIq6kt.XOeZCg0XxOsqIw6z066WiqAfm6dQ3iq\',\'pkk\',\'ketuapkk\')')
 4 SYSTEMPATH\Database\BaseBuilder.php(1839): CodeIgniter\Database\BaseConnection->query('INSERT INTO `users` (`created_at`, `nama`, `password`, `role`, `username`)
VALUES (\'2026-05-24 17:32:40\',\'Ahmad Mujahid (Admin)\',\'$2y$10$B/zqoslHH53frcFfYgzQruwtRZIToNXmHNmJ95VG3t9GhZM9xMp3i\',\'admin\',\'adminpusat\'), (\'2026-05-24 17:32:40\',\'Ibu Siti Rahma\',\'$2y$10$1dj9XVH5SQxrP6ajIq6kt.XOeZCg0XxOsqIw6z066WiqAfm6dQ3iq\',\'pkk\',\'ketuapkk\')', null, false)
 5 SYSTEMPATH\Database\BaseBuilder.php(2228): CodeIgniter\Database\BaseBuilder->batchExecute('_insertBatch', 100)
 6 APPPATH\Database\Seeds\UserSeeder.php(31): CodeIgniter\Database\BaseBuilder->insertBatch([...])
 7 SYSTEMPATH\Database\Seeder.php(155): App\Database\Seeds\UserSeeder->run()
 8 SYSTEMPATH\Commands\Database\Seed.php(79): CodeIgniter\Database\Seeder->call('App\\Database\\Seeds\\UserSeeder')
 9 SYSTEMPATH\CLI\Commands.php(72): CodeIgniter\Commands\Database\Seed->run([])
10 SYSTEMPATH\CLI\Console.php(47): CodeIgniter\CLI\Commands->run('db:seed', [...])
11 SYSTEMPATH\Boot.php(442): CodeIgniter\CLI\Console->run()
12 SYSTEMPATH\Boot.php(166): CodeIgniter\Boot::runCommand(Object(CodeIgniter\CLI\Console))
13 ROOTPATH\spark(87): CodeIgniter\Boot::bootSpark(Object(Config\Paths))
ERROR - 2026-05-24 17:34:51 --> Unknown column 'nama' in 'field list'
in SYSTEMPATH\Database\MySQLi\Connection.php on line 300.
 1 SYSTEMPATH\Database\MySQLi\Connection.php(300): mysqli->query('INSERT INTO `users` (`created_at`, `nama`, `password`, `role`, `username`)
VALUES (\'2026-05-24 17:34:51\',\'Ahmad Mujahid (Admin)\',\'$2y$10$5XXH4DI7sayryZBoGY7xD.7vozWN0HfKfBFzftVBnIZI6qY5aa8TO\',\'admin\',\'adminpusat\'), (\'2026-05-24 17:34:51\',\'Ibu Siti Rahma\',\'$2y$10$zC1g1LoIPxyVH6jM2cVlk.F791Fw5pVqyz3POvOqQOYcm8vQKSCZK\',\'pkk\',\'ketuapkk\')', 0)
 2 SYSTEMPATH\Database\BaseConnection.php(908): CodeIgniter\Database\MySQLi\Connection->execute('INSERT INTO `users` (`created_at`, `nama`, `password`, `role`, `username`)
VALUES (\'2026-05-24 17:34:51\',\'Ahmad Mujahid (Admin)\',\'$2y$10$5XXH4DI7sayryZBoGY7xD.7vozWN0HfKfBFzftVBnIZI6qY5aa8TO\',\'admin\',\'adminpusat\'), (\'2026-05-24 17:34:51\',\'Ibu Siti Rahma\',\'$2y$10$zC1g1LoIPxyVH6jM2cVlk.F791Fw5pVqyz3POvOqQOYcm8vQKSCZK\',\'pkk\',\'ketuapkk\')')
 3 SYSTEMPATH\Database\BaseConnection.php(825): CodeIgniter\Database\BaseConnection->simpleQuery('INSERT INTO `users` (`created_at`, `nama`, `password`, `role`, `username`)
VALUES (\'2026-05-24 17:34:51\',\'Ahmad Mujahid (Admin)\',\'$2y$10$5XXH4DI7sayryZBoGY7xD.7vozWN0HfKfBFzftVBnIZI6qY5aa8TO\',\'admin\',\'adminpusat\'), (\'2026-05-24 17:34:51\',\'Ibu Siti Rahma\',\'$2y$10$zC1g1LoIPxyVH6jM2cVlk.F791Fw5pVqyz3POvOqQOYcm8vQKSCZK\',\'pkk\',\'ketuapkk\')')
 4 SYSTEMPATH\Database\BaseBuilder.php(1839): CodeIgniter\Database\BaseConnection->query('INSERT INTO `users` (`created_at`, `nama`, `password`, `role`, `username`)
VALUES (\'2026-05-24 17:34:51\',\'Ahmad Mujahid (Admin)\',\'$2y$10$5XXH4DI7sayryZBoGY7xD.7vozWN0HfKfBFzftVBnIZI6qY5aa8TO\',\'admin\',\'adminpusat\'), (\'2026-05-24 17:34:51\',\'Ibu Siti Rahma\',\'$2y$10$zC1g1LoIPxyVH6jM2cVlk.F791Fw5pVqyz3POvOqQOYcm8vQKSCZK\',\'pkk\',\'ketuapkk\')', null, false)
 5 SYSTEMPATH\Database\BaseBuilder.php(2228): CodeIgniter\Database\BaseBuilder->batchExecute('_insertBatch', 100)
 6 APPPATH\Database\Seeds\UserSeeder.php(31): CodeIgniter\Database\BaseBuilder->insertBatch([...])
 7 SYSTEMPATH\Database\Seeder.php(155): App\Database\Seeds\UserSeeder->run()
 8 SYSTEMPATH\Commands\Database\Seed.php(79): CodeIgniter\Database\Seeder->call('App\\Database\\Seeds\\UserSeeder')
 9 SYSTEMPATH\CLI\Commands.php(72): CodeIgniter\Commands\Database\Seed->run([])
10 SYSTEMPATH\CLI\Console.php(47): CodeIgniter\CLI\Commands->run('db:seed', [...])
11 SYSTEMPATH\Boot.php(442): CodeIgniter\CLI\Console->run()
12 SYSTEMPATH\Boot.php(166): CodeIgniter\Boot::runCommand(Object(CodeIgniter\CLI\Console))
13 ROOTPATH\spark(87): CodeIgniter\Boot::bootSpark(Object(Config\Paths))
DEBUG - 2026-05-24 17:38:18 --> Session: Class initialized using 'CodeIgniter\Session\Handlers\FileHandler' driver.
DEBUG - 2026-05-24 17:38:21 --> Session: Class initialized using 'CodeIgniter\Session\Handlers\FileHandler' driver.
DEBUG - 2026-05-24 17:38:32 --> Session: Class initialized using 'CodeIgniter\Session\Handlers\FileHandler' driver.
DEBUG - 2026-05-24 17:38:41 --> Session: Class initialized using 'CodeIgniter\Session\Handlers\FileHandler' driver.
DEBUG - 2026-05-24 17:39:20 --> Session: Class initialized using 'CodeIgniter\Session\Handlers\FileHandler' driver.
DEBUG - 2026-05-24 17:39:36 --> Session: Class initialized using 'CodeIgniter\Session\Handlers\FileHandler' driver.
DEBUG - 2026-05-24 17:41:35 --> Session: Class initialized using 'CodeIgniter\Session\Handlers\FileHandler' driver.
DEBUG - 2026-05-24 17:41:35 --> Session: Class initialized using 'CodeIgniter\Session\Handlers\FileHandler' driver.
DEBUG - 2026-05-24 17:42:02 --> Session: Class initialized using 'CodeIgniter\Session\Handlers\FileHandler' driver.
DEBUG - 2026-05-24 17:42:02 --> Session: Class initialized using 'CodeIgniter\Session\Handlers\FileHandler' driver.
DEBUG - 2026-05-24 17:42:11 --> Session: Class initialized using 'CodeIgniter\Session\Handlers\FileHandler' driver.
DEBUG - 2026-05-24 17:42:12 --> Session: Class initialized using 'CodeIgniter\Session\Handlers\FileHandler' driver.
DEBUG - 2026-05-24 17:44:04 --> Session: Class initialized using 'CodeIgniter\Session\Handlers\FileHandler' driver.
DEBUG - 2026-05-24 17:44:04 --> Session: Class initialized using 'CodeIgniter\Session\Handlers\FileHandler' driver.
DEBUG - 2026-05-24 17:44:26 --> Session: Class initialized using 'CodeIgniter\Session\Handlers\FileHandler' driver.
DEBUG - 2026-05-24 17:44:33 --> Session: Class initialized using 'CodeIgniter\Session\Handlers\FileHandler' driver.
DEBUG - 2026-05-24 17:44:33 --> Session: Class initialized using 'CodeIgniter\Session\Handlers\FileHandler' driver.
DEBUG - 2026-05-24 17:44:35 --> Session: Class initialized using 'CodeIgniter\Session\Handlers\FileHandler' driver.
DEBUG - 2026-05-24 17:44:35 --> Session: Class initialized using 'CodeIgniter\Session\Handlers\FileHandler' driver.
DEBUG - 2026-05-24 17:50:02 --> Session: Class initialized using 'CodeIgniter\Session\Handlers\FileHandler' driver.
DEBUG - 2026-05-24 17:53:14 --> Session: Class initialized using 'CodeIgniter\Session\Handlers\FileHandler' driver.
DEBUG - 2026-05-24 17:54:08 --> Session: Class initialized using 'CodeIgniter\Session\Handlers\FileHandler' driver.
DEBUG - 2026-05-24 17:54:19 --> Session: Class initialized using 'CodeIgniter\Session\Handlers\FileHandler' driver.
DEBUG - 2026-05-24 17:54:19 --> Session: Class initialized using 'CodeIgniter\Session\Handlers\FileHandler' driver.
DEBUG - 2026-05-24 17:54:33 --> Session: Class initialized using 'CodeIgniter\Session\Handlers\FileHandler' driver.
DEBUG - 2026-05-24 17:54:33 --> Session: Class initialized using 'CodeIgniter\Session\Handlers\FileHandler' driver.
DEBUG - 2026-05-24 17:55:17 --> Session: Class initialized using 'CodeIgniter\Session\Handlers\FileHandler' driver.
DEBUG - 2026-05-24 17:55:17 --> Session: Class initialized using 'CodeIgniter\Session\Handlers\FileHandler' driver.
DEBUG - 2026-05-24 17:55:22 --> Session: Class initialized using 'CodeIgniter\Session\Handlers\FileHandler' driver.
CRITICAL - 2026-05-24 17:55:22 --> Error: Class "App\Models\PendudukModel" not found
[Method: GET, Route: pkk/penduduk]
in APPPATH\Controllers\PendudukController.php on line 14.
 1 SYSTEMPATH\CodeIgniter.php(944): App\Controllers\PendudukController->__construct()
 2 SYSTEMPATH\CodeIgniter.php(511): CodeIgniter\CodeIgniter->createController()
 3 SYSTEMPATH\CodeIgniter.php(363): CodeIgniter\CodeIgniter->handleRequest(null, Object(Config\Cache), false)
 4 SYSTEMPATH\Boot.php(417): CodeIgniter\CodeIgniter->run()
 5 SYSTEMPATH\Boot.php(68): CodeIgniter\Boot::runCodeIgniter(Object(CodeIgniter\CodeIgniter))
 6 FCPATH\index.php(59): CodeIgniter\Boot::bootWeb(Object(Config\Paths))
 7 SYSTEMPATH\rewrite.php(44): require_once('E:\\xampp\\htdocs\\apkpkk\\public\\index.php')
DEBUG - 2026-05-24 18:01:47 --> Session: Class initialized using 'CodeIgniter\Session\Handlers\FileHandler' driver.
DEBUG - 2026-05-24 18:01:47 --> Session: Class initialized using 'CodeIgniter\Session\Handlers\FileHandler' driver.
DEBUG - 2026-05-24 18:01:52 --> Session: Class initialized using 'CodeIgniter\Session\Handlers\FileHandler' driver.
CRITICAL - 2026-05-24 18:01:52 --> Error: Class "App\Models\PendudukModel" not found
[Method: GET, Route: pkk/penduduk]
in APPPATH\Controllers\PendudukController.php on line 14.
 1 SYSTEMPATH\CodeIgniter.php(944): App\Controllers\PendudukController->__construct()
 2 SYSTEMPATH\CodeIgniter.php(511): CodeIgniter\CodeIgniter->createController()
 3 SYSTEMPATH\CodeIgniter.php(363): CodeIgniter\CodeIgniter->handleRequest(null, Object(Config\Cache), false)
 4 SYSTEMPATH\Boot.php(417): CodeIgniter\CodeIgniter->run()
 5 SYSTEMPATH\Boot.php(68): CodeIgniter\Boot::runCodeIgniter(Object(CodeIgniter\CodeIgniter))
 6 FCPATH\index.php(59): CodeIgniter\Boot::bootWeb(Object(Config\Paths))
 7 SYSTEMPATH\rewrite.php(44): require_once('E:\\xampp\\htdocs\\apkpkk\\public\\index.php')
DEBUG - 2026-05-24 18:02:27 --> Session: Class initialized using 'CodeIgniter\Session\Handlers\FileHandler' driver.
CRITICAL - 2026-05-24 18:02:27 --> Error: Class "App\Models\PendudukModel" not found
[Method: GET, Route: pkk/penduduk]
in APPPATH\Controllers\PendudukController.php on line 14.
 1 SYSTEMPATH\CodeIgniter.php(944): App\Controllers\PendudukController->__construct()
 2 SYSTEMPATH\CodeIgniter.php(511): CodeIgniter\CodeIgniter->createController()
 3 SYSTEMPATH\CodeIgniter.php(363): CodeIgniter\CodeIgniter->handleRequest(null, Object(Config\Cache), false)
 4 SYSTEMPATH\Boot.php(417): CodeIgniter\CodeIgniter->run()
 5 SYSTEMPATH\Boot.php(68): CodeIgniter\Boot::runCodeIgniter(Object(CodeIgniter\CodeIgniter))
 6 FCPATH\index.php(59): CodeIgniter\Boot::bootWeb(Object(Config\Paths))
 7 SYSTEMPATH\rewrite.php(44): require_once('E:\\xampp\\htdocs\\apkpkk\\public\\index.php')
DEBUG - 2026-05-24 18:02:28 --> Session: Class initialized using 'CodeIgniter\Session\Handlers\FileHandler' driver.
CRITICAL - 2026-05-24 18:02:28 --> Error: Class "App\Models\PendudukModel" not found
[Method: GET, Route: pkk/penduduk]
in APPPATH\Controllers\PendudukController.php on line 14.
 1 SYSTEMPATH\CodeIgniter.php(944): App\Controllers\PendudukController->__construct()
 2 SYSTEMPATH\CodeIgniter.php(511): CodeIgniter\CodeIgniter->createController()
 3 SYSTEMPATH\CodeIgniter.php(363): CodeIgniter\CodeIgniter->handleRequest(null, Object(Config\Cache), false)
 4 SYSTEMPATH\Boot.php(417): CodeIgniter\CodeIgniter->run()
 5 SYSTEMPATH\Boot.php(68): CodeIgniter\Boot::runCodeIgniter(Object(CodeIgniter\CodeIgniter))
 6 FCPATH\index.php(59): CodeIgniter\Boot::bootWeb(Object(Config\Paths))
 7 SYSTEMPATH\rewrite.php(44): require_once('E:\\xampp\\htdocs\\apkpkk\\public\\index.php')
DEBUG - 2026-05-24 18:04:56 --> Session: Class initialized using 'CodeIgniter\Session\Handlers\FileHandler' driver.
CRITICAL - 2026-05-24 18:04:56 --> Error: Class "App\Controllers\PendudukModel" not found
[Method: GET, Route: pkk/penduduk]
in APPPATH\Controllers\PendudukController.php on line 14.
 1 SYSTEMPATH\CodeIgniter.php(944): App\Controllers\PendudukController->__construct()
 2 SYSTEMPATH\CodeIgniter.php(511): CodeIgniter\CodeIgniter->createController()
 3 SYSTEMPATH\CodeIgniter.php(363): CodeIgniter\CodeIgniter->handleRequest(null, Object(Config\Cache), false)
 4 SYSTEMPATH\Boot.php(417): CodeIgniter\CodeIgniter->run()
 5 SYSTEMPATH\Boot.php(68): CodeIgniter\Boot::runCodeIgniter(Object(CodeIgniter\CodeIgniter))
 6 FCPATH\index.php(59): CodeIgniter\Boot::bootWeb(Object(Config\Paths))
 7 SYSTEMPATH\rewrite.php(44): require_once('E:\\xampp\\htdocs\\apkpkk\\public\\index.php')
DEBUG - 2026-05-24 18:04:57 --> Session: Class initialized using 'CodeIgniter\Session\Handlers\FileHandler' driver.
CRITICAL - 2026-05-24 18:04:57 --> Error: Class "App\Controllers\PendudukModel" not found
[Method: GET, Route: pkk/penduduk]
in APPPATH\Controllers\PendudukController.php on line 14.
 1 SYSTEMPATH\CodeIgniter.php(944): App\Controllers\PendudukController->__construct()
 2 SYSTEMPATH\CodeIgniter.php(511): CodeIgniter\CodeIgniter->createController()
 3 SYSTEMPATH\CodeIgniter.php(363): CodeIgniter\CodeIgniter->handleRequest(null, Object(Config\Cache), false)
 4 SYSTEMPATH\Boot.php(417): CodeIgniter\CodeIgniter->run()
 5 SYSTEMPATH\Boot.php(68): CodeIgniter\Boot::runCodeIgniter(Object(CodeIgniter\CodeIgniter))
 6 FCPATH\index.php(59): CodeIgniter\Boot::bootWeb(Object(Config\Paths))
 7 SYSTEMPATH\rewrite.php(44): require_once('E:\\xampp\\htdocs\\apkpkk\\public\\index.php')
DEBUG - 2026-05-24 18:05:12 --> Session: Class initialized using 'CodeIgniter\Session\Handlers\FileHandler' driver.
CRITICAL - 2026-05-24 18:05:12 --> Error: Class "App\Controllers\PendudukModel" not found
[Method: GET, Route: pkk/penduduk]
in APPPATH\Controllers\PendudukController.php on line 14.
 1 SYSTEMPATH\CodeIgniter.php(944): App\Controllers\PendudukController->__construct()
 2 SYSTEMPATH\CodeIgniter.php(511): CodeIgniter\CodeIgniter->createController()
 3 SYSTEMPATH\CodeIgniter.php(363): CodeIgniter\CodeIgniter->handleRequest(null, Object(Config\Cache), false)
 4 SYSTEMPATH\Boot.php(417): CodeIgniter\CodeIgniter->run()
 5 SYSTEMPATH\Boot.php(68): CodeIgniter\Boot::runCodeIgniter(Object(CodeIgniter\CodeIgniter))
 6 FCPATH\index.php(59): CodeIgniter\Boot::bootWeb(Object(Config\Paths))
 7 SYSTEMPATH\rewrite.php(44): require_once('E:\\xampp\\htdocs\\apkpkk\\public\\index.php')
DEBUG - 2026-05-24 18:08:33 --> Session: Class initialized using 'CodeIgniter\Session\Handlers\FileHandler' driver.
CRITICAL - 2026-05-24 18:08:34 --> ErrorException: Undefined variable $row
[Method: GET, Route: pkk/penduduk]
in APPPATH\Views\pkk\penduduk\index.php on line 27.
 1 APPPATH\Views\pkk\penduduk\index.php(27): CodeIgniter\Debug\Exceptions->errorHandler(2, 'Undefined variable $row', 'E:\\xampp\\htdocs\\apkpkk\\app\\Views\\pkk\\penduduk\\index.php', 27)
 2 SYSTEMPATH\View\View.php(240): include('E:\\xampp\\htdocs\\apkpkk\\app\\Views\\pkk\\penduduk\\index.php')
 3 SYSTEMPATH\View\View.php(243): CodeIgniter\View\View->CodeIgniter\View\{closure}()
 4 SYSTEMPATH\Common.php(1254): CodeIgniter\View\View->render('pkk/penduduk/index', [], true)
 5 APPPATH\Controllers\PendudukController.php(26): view('pkk/penduduk/index', [...])
 6 SYSTEMPATH\CodeIgniter.php(974): App\Controllers\PendudukController->index()
 7 SYSTEMPATH\CodeIgniter.php(520): CodeIgniter\CodeIgniter->runController(Object(App\Controllers\PendudukController))
 8 SYSTEMPATH\CodeIgniter.php(363): CodeIgniter\CodeIgniter->handleRequest(null, Object(Config\Cache), false)
 9 SYSTEMPATH\Boot.php(417): CodeIgniter\CodeIgniter->run()
10 SYSTEMPATH\Boot.php(68): CodeIgniter\Boot::runCodeIgniter(Object(CodeIgniter\CodeIgniter))
11 FCPATH\index.php(59): CodeIgniter\Boot::bootWeb(Object(Config\Paths))
12 SYSTEMPATH\rewrite.php(44): require_once('E:\\xampp\\htdocs\\apkpkk\\public\\index.php')
DEBUG - 2026-05-24 18:12:44 --> Session: Class initialized using 'CodeIgniter\Session\Handlers\FileHandler' driver.
DEBUG - 2026-05-24 18:12:44 --> Session: Class initialized using 'CodeIgniter\Session\Handlers\FileHandler' driver.
DEBUG - 2026-05-24 18:12:49 --> Session: Class initialized using 'CodeIgniter\Session\Handlers\FileHandler' driver.
DEBUG - 2026-05-24 18:12:57 --> Session: Class initialized using 'CodeIgniter\Session\Handlers\FileHandler' driver.
DEBUG - 2026-05-24 18:14:29 --> Session: Class initialized using 'CodeIgniter\Session\Handlers\FileHandler' driver.
CRITICAL - 2026-05-24 18:14:29 --> ErrorException: Undefined array key "tanggal_lahir"
[Method: GET, Route: pkk/penduduk/detail/3200000000000001]
in APPPATH\Views\pkk\penduduk\detail.php on line 48.
 1 APPPATH\Views\pkk\penduduk\detail.php(48): CodeIgniter\Debug\Exceptions->errorHandler(2, 'Undefined array key "tanggal_lahir"', 'E:\\xampp\\htdocs\\apkpkk\\app\\Views\\pkk\\penduduk\\detail.php', 48)
 2 SYSTEMPATH\View\View.php(240): include('E:\\xampp\\htdocs\\apkpkk\\app\\Views\\pkk\\penduduk\\detail.php')
 3 SYSTEMPATH\View\View.php(243): CodeIgniter\View\View->CodeIgniter\View\{closure}()
 4 SYSTEMPATH\Common.php(1254): CodeIgniter\View\View->render('pkk/penduduk/detail', [], true)
 5 APPPATH\Controllers\PendudukController.php(173): view('pkk/penduduk/detail', [...])
 6 SYSTEMPATH\CodeIgniter.php(974): App\Controllers\PendudukController->detail('3200000000000001')
 7 SYSTEMPATH\CodeIgniter.php(520): CodeIgniter\CodeIgniter->runController(Object(App\Controllers\PendudukController))
 8 SYSTEMPATH\CodeIgniter.php(363): CodeIgniter\CodeIgniter->handleRequest(null, Object(Config\Cache), false)
 9 SYSTEMPATH\Boot.php(417): CodeIgniter\CodeIgniter->run()
10 SYSTEMPATH\Boot.php(68): CodeIgniter\Boot::runCodeIgniter(Object(CodeIgniter\CodeIgniter))
11 FCPATH\index.php(59): CodeIgniter\Boot::bootWeb(Object(Config\Paths))
12 SYSTEMPATH\rewrite.php(44): require_once('E:\\xampp\\htdocs\\apkpkk\\public\\index.php')
DEBUG - 2026-05-24 18:17:16 --> Session: Class initialized using 'CodeIgniter\Session\Handlers\FileHandler' driver.
DEBUG - 2026-05-24 18:17:16 --> Session: Class initialized using 'CodeIgniter\Session\Handlers\FileHandler' driver.
DEBUG - 2026-05-24 18:17:20 --> Session: Class initialized using 'CodeIgniter\Session\Handlers\FileHandler' driver.
DEBUG - 2026-05-24 18:17:24 --> Session: Class initialized using 'CodeIgniter\Session\Handlers\FileHandler' driver.
DEBUG - 2026-05-24 18:17:35 --> Session: Class initialized using 'CodeIgniter\Session\Handlers\FileHandler' driver.
DEBUG - 2026-05-24 18:19:54 --> Session: Class initialized using 'CodeIgniter\Session\Handlers\FileHandler' driver.
DEBUG - 2026-05-24 18:19:54 --> Session: Class initialized using 'CodeIgniter\Session\Handlers\FileHandler' driver.
DEBUG - 2026-05-24 18:27:58 --> Session: Class initialized using 'CodeIgniter\Session\Handlers\FileHandler' driver.
DEBUG - 2026-05-24 18:27:58 --> Session: Class initialized using 'CodeIgniter\Session\Handlers\FileHandler' driver.
DEBUG - 2026-05-24 18:28:01 --> Session: Class initialized using 'CodeIgniter\Session\Handlers\FileHandler' driver.
DEBUG - 2026-05-24 18:28:01 --> Session: Class initialized using 'CodeIgniter\Session\Handlers\FileHandler' driver.
DEBUG - 2026-05-24 18:28:10 --> Session: Class initialized using 'CodeIgniter\Session\Handlers\FileHandler' driver.
DEBUG - 2026-05-24 18:28:10 --> Session: Class initialized using 'CodeIgniter\Session\Handlers\FileHandler' driver.
DEBUG - 2026-05-24 18:28:21 --> Session: Class initialized using 'CodeIgniter\Session\Handlers\FileHandler' driver.
DEBUG - 2026-05-24 18:28:21 --> Session: Class initialized using 'CodeIgniter\Session\Handlers\FileHandler' driver.
DEBUG - 2026-05-24 18:28:35 --> Session: Class initialized using 'CodeIgniter\Session\Handlers\FileHandler' driver.
DEBUG - 2026-05-24 18:28:36 --> Session: Class initialized using 'CodeIgniter\Session\Handlers\FileHandler' driver.
DEBUG - 2026-05-24 18:28:42 --> Session: Class initialized using 'CodeIgniter\Session\Handlers\FileHandler' driver.
DEBUG - 2026-05-24 18:28:53 --> Session: Class initialized using 'CodeIgniter\Session\Handlers\FileHandler' driver.
DEBUG - 2026-05-24 18:29:05 --> Session: Class initialized using 'CodeIgniter\Session\Handlers\FileHandler' driver.
DEBUG - 2026-05-24 18:29:05 --> Session: Class initialized using 'CodeIgniter\Session\Handlers\FileHandler' driver.
DEBUG - 2026-05-24 18:29:15 --> Session: Class initialized using 'CodeIgniter\Session\Handlers\FileHandler' driver.
DEBUG - 2026-05-24 18:29:16 --> Session: Class initialized using 'CodeIgniter\Session\Handlers\FileHandler' driver.
